<?xml version="1.0" encoding="UTF-8"?>
<!-- Generated by org.testng.reporters.JUnitReportReporter -->
<testsuite skipped="0" hostname="DESKTOP-A8O5G04" name="ahamaz21.RESTAPITest" tests="2" failures="0" timestamp="2022-02-14T18:23:16 GMT" time="0.001" errors="0">
  <testcase name="RESTAutomation" time="0.001" classname="ahamaz21.RESTAPITest"/>
  <system-out/>
  <testcase name="RESTElementsUI" time="0.000" classname="ahamaz21.RESTAPITest"/>
  <system-out/>
</testsuite> <!-- ahamaz21.RESTAPITest -->
