<?xml version="1.0" encoding="UTF-8"?>
<!-- Generated by org.testng.reporters.JUnitReportReporter -->
<testsuite skipped="0" hostname="DESKTOP-A8O5G04" name="ahamaz21.ExtentReportold" tests="2" failures="0" timestamp="2022-01-26T10:11:56 GMT" time="9.262" errors="0">
  <testcase name="EirGridTest" time="9.231" classname="ahamaz21.ExtentReportold"/>
  <system-out/>
  <testcase name="RESTAutomation" time="0.031" classname="ahamaz21.ExtentReportold"/>
  <system-out/>
</testsuite> <!-- ahamaz21.ExtentReportold -->
