<?xml version="1.0" encoding="UTF-8"?>
<!-- Generated by org.testng.reporters.JUnitReportReporter -->
<testsuite skipped="0" hostname="DESKTOP-A8O5G04" name="ahamaz21.AppiumMobileTestSeleniumBrowserTest" tests="2" failures="0" timestamp="2022-02-01T10:21:21 GMT" time="0.003" errors="0">
  <testcase name="SeleniumAutomation" time="0.001" classname="ahamaz21.AppiumMobileTestSeleniumBrowserTest"/>
  <system-out/>
  <testcase name="SeleniumElementsUI" time="0.002" classname="ahamaz21.AppiumMobileTestSeleniumBrowserTest"/>
  <system-out/>
</testsuite> <!-- ahamaz21.AppiumMobileTestSeleniumBrowserTest -->
