<?xml version="1.0" encoding="UTF-8"?>
<!-- Generated by org.testng.reporters.JUnitReportReporter -->
<testsuite skipped="0" hostname="DESKTOP-A8O5G04" name="projectMethods.ExtentReportold" tests="2" failures="0" timestamp="2022-01-26T10:43:10 GMT" time="11.900" errors="0">
  <testcase name="RESTAutomation" time="0.040" classname="projectMethods.ExtentReportold"/>
  <system-out/>
  <testcase name="EirGridTest" time="11.860" classname="projectMethods.ExtentReportold"/>
  <system-out/>
</testsuite> <!-- projectMethods.ExtentReportold -->
