<?xml version="1.0" encoding="UTF-8"?>
<!-- Generated by org.testng.reporters.JUnitReportReporter -->
<testsuite skipped="0" hostname="DESKTOP-A8O5G04" name="ahamaz21.RestApiTest" tests="1" failures="0" timestamp="2022-02-16T16:08:09 GMT" time="33.866" errors="0">
  <testcase name="RESTAutomation" time="33.866" classname="ahamaz21.RestApiTest"/>
  <system-out/>
</testsuite> <!-- ahamaz21.RestApiTest -->
