<?xml version="1.0" encoding="UTF-8"?>
<!-- Generated by org.testng.reporters.JUnitReportReporter -->
<testsuite skipped="0" hostname="DESKTOP-A8O5G04" name="ahamaz21.ExtentReport" tests="1" failures="0" timestamp="2022-01-24T12:42:21 GMT" time="19.011" errors="0">
  <testcase name="EirGridTest" time="19.011" classname="ahamaz21.ExtentReport"/>
  <system-out/>
</testsuite> <!-- ahamaz21.ExtentReport -->
