<?xml version="1.0" encoding="UTF-8"?>
<!-- Generated by org.testng.reporters.JUnitReportReporter -->
<testsuite skipped="0" hostname="DESKTOP-A8O5G04" name="ahamaz21.DataDrivenExcelPrintDataFromMethod" tests="1" failures="0" timestamp="2022-02-16T10:21:12 GMT" time="2.590" errors="0">
  <testcase name="ExcelData" time="2.590" classname="ahamaz21.DataDrivenExcelPrintDataFromMethod"/>
  <system-out/>
</testsuite> <!-- ahamaz21.DataDrivenExcelPrintDataFromMethod -->
